[21-Dec-2017 13:17:11 UTC] PHP Warning:  require_once(config.php): failed to open stream: No such file or directory in /home/ubuntu/workspace/websitesql.html/PHP/login.php on line 3
[21-Dec-2017 13:17:11 UTC] PHP Stack trace:
[21-Dec-2017 13:17:11 UTC] PHP   1. {main}() /home/ubuntu/workspace/websitesql.html/PHP/login.php:0
[21-Dec-2017 13:17:11 UTC] PHP Fatal error:  require_once(): Failed opening required 'config.php' (include_path='.:/usr/share/php:/usr/share/pear') in /home/ubuntu/workspace/websitesql.html/PHP/login.php on line 3
[21-Dec-2017 13:17:11 UTC] PHP Stack trace:
[21-Dec-2017 13:17:11 UTC] PHP   1. {main}() /home/ubuntu/workspace/websitesql.html/PHP/login.php:0
[21-Dec-2017 13:17:24 UTC] PHP Warning:  require_once(config.php): failed to open stream: No such file or directory in /home/ubuntu/workspace/websitesql.html/PHP/login.php on line 3
[21-Dec-2017 13:17:24 UTC] PHP Stack trace:
[21-Dec-2017 13:17:24 UTC] PHP   1. {main}() /home/ubuntu/workspace/websitesql.html/PHP/login.php:0
[21-Dec-2017 13:17:24 UTC] PHP Fatal error:  require_once(): Failed opening required 'config.php' (include_path='.:/usr/share/php:/usr/share/pear') in /home/ubuntu/workspace/websitesql.html/PHP/login.php on line 3
[21-Dec-2017 13:17:24 UTC] PHP Stack trace:
[21-Dec-2017 13:17:24 UTC] PHP   1. {main}() /home/ubuntu/workspace/websitesql.html/PHP/login.php:0
[21-Dec-2017 13:20:47 UTC] PHP Warning:  mysqli_connect(): (HY000/1049): Unknown database 'demo' in /home/ubuntu/workspace/websitesql.html/PHP/config.php on line 10
[21-Dec-2017 13:20:47 UTC] PHP Stack trace:
[21-Dec-2017 13:20:47 UTC] PHP   1. {main}() /home/ubuntu/workspace/websitesql.html/PHP/login.php:0
[21-Dec-2017 13:20:47 UTC] PHP   2. require_once() /home/ubuntu/workspace/websitesql.html/PHP/login.php:3
[21-Dec-2017 13:20:47 UTC] PHP   3. mysqli_connect() /home/ubuntu/workspace/websitesql.html/PHP/config.php:10
[21-Dec-2017 14:11:48 UTC] PHP Parse error:  syntax error, unexpected '<' in /home/ubuntu/workspace/websitesql.html/PHP/login.php on line 33
[21-Dec-2017 14:49:20 UTC] PHP Warning:  mysql_num_rows() expects parameter 1 to be resource, boolean given in /home/ubuntu/workspace/websitesql.html/PHP/login.php on line 21
[21-Dec-2017 14:49:20 UTC] PHP Stack trace:
[21-Dec-2017 14:49:20 UTC] PHP   1. {main}() /home/ubuntu/workspace/websitesql.html/PHP/login.php:0
[21-Dec-2017 14:49:20 UTC] PHP   2. mysql_num_rows() /home/ubuntu/workspace/websitesql.html/PHP/login.php:21
[21-Dec-2017 14:49:58 UTC] PHP Warning:  mysql_num_rows() expects parameter 1 to be resource, boolean given in /home/ubuntu/workspace/websitesql.html/PHP/login.php on line 21
[21-Dec-2017 14:49:58 UTC] PHP Stack trace:
[21-Dec-2017 14:49:58 UTC] PHP   1. {main}() /home/ubuntu/workspace/websitesql.html/PHP/login.php:0
[21-Dec-2017 14:49:58 UTC] PHP   2. mysql_num_rows() /home/ubuntu/workspace/websitesql.html/PHP/login.php:21
[21-Dec-2017 14:51:41 UTC] PHP Warning:  mysql_num_rows() expects parameter 1 to be resource, boolean given in /home/ubuntu/workspace/websitesql.html/PHP/login.php on line 21
[21-Dec-2017 14:51:41 UTC] PHP Stack trace:
[21-Dec-2017 14:51:41 UTC] PHP   1. {main}() /home/ubuntu/workspace/websitesql.html/PHP/login.php:0
[21-Dec-2017 14:51:41 UTC] PHP   2. mysql_num_rows() /home/ubuntu/workspace/websitesql.html/PHP/login.php:21
[21-Dec-2017 14:53:00 UTC] PHP Warning:  mysql_num_rows() expects parameter 1 to be resource, boolean given in /home/ubuntu/workspace/websitesql.html/PHP/login.php on line 21
[21-Dec-2017 14:53:00 UTC] PHP Stack trace:
[21-Dec-2017 14:53:00 UTC] PHP   1. {main}() /home/ubuntu/workspace/websitesql.html/PHP/login.php:0
[21-Dec-2017 14:53:00 UTC] PHP   2. mysql_num_rows() /home/ubuntu/workspace/websitesql.html/PHP/login.php:21
[21-Dec-2017 14:53:42 UTC] PHP Warning:  mysql_num_rows() expects parameter 1 to be resource, boolean given in /home/ubuntu/workspace/websitesql.html/PHP/login.php on line 20
[21-Dec-2017 14:53:42 UTC] PHP Stack trace:
[21-Dec-2017 14:53:42 UTC] PHP   1. {main}() /home/ubuntu/workspace/websitesql.html/PHP/login.php:0
[21-Dec-2017 14:53:42 UTC] PHP   2. mysql_num_rows() /home/ubuntu/workspace/websitesql.html/PHP/login.php:20
[21-Dec-2017 14:53:52 UTC] PHP Warning:  mysql_num_rows() expects parameter 1 to be resource, boolean given in /home/ubuntu/workspace/websitesql.html/PHP/login.php on line 20
[21-Dec-2017 14:53:52 UTC] PHP Stack trace:
[21-Dec-2017 14:53:52 UTC] PHP   1. {main}() /home/ubuntu/workspace/websitesql.html/PHP/login.php:0
[21-Dec-2017 14:53:52 UTC] PHP   2. mysql_num_rows() /home/ubuntu/workspace/websitesql.html/PHP/login.php:20
[21-Dec-2017 14:56:42 UTC] PHP Warning:  mysql_num_rows() expects parameter 1 to be resource, boolean given in /home/ubuntu/workspace/websitesql.html/PHP/login.php on line 20
[21-Dec-2017 14:56:42 UTC] PHP Stack trace:
[21-Dec-2017 14:56:42 UTC] PHP   1. {main}() /home/ubuntu/workspace/websitesql.html/PHP/login.php:0
[21-Dec-2017 14:56:42 UTC] PHP   2. mysql_num_rows() /home/ubuntu/workspace/websitesql.html/PHP/login.php:20
[21-Dec-2017 15:02:31 UTC] PHP Warning:  mysql_num_rows() expects parameter 1 to be resource, boolean given in /home/ubuntu/workspace/websitesql.html/PHP/login.php on line 20
[21-Dec-2017 15:02:31 UTC] PHP Stack trace:
[21-Dec-2017 15:02:31 UTC] PHP   1. {main}() /home/ubuntu/workspace/websitesql.html/PHP/login.php:0
[21-Dec-2017 15:02:31 UTC] PHP   2. mysql_num_rows() /home/ubuntu/workspace/websitesql.html/PHP/login.php:20
[21-Dec-2017 15:03:24 UTC] PHP Warning:  mysql_num_rows() expects parameter 1 to be resource, boolean given in /home/ubuntu/workspace/websitesql.html/PHP/login.php on line 20
[21-Dec-2017 15:03:24 UTC] PHP Stack trace:
[21-Dec-2017 15:03:24 UTC] PHP   1. {main}() /home/ubuntu/workspace/websitesql.html/PHP/login.php:0
[21-Dec-2017 15:03:24 UTC] PHP   2. mysql_num_rows() /home/ubuntu/workspace/websitesql.html/PHP/login.php:20
[21-Dec-2017 15:13:15 UTC] PHP Warning:  mysqli_connect(): (HY000/1049): Unknown database 'project' in /home/ubuntu/workspace/websitesql.html/PHP/login.php on line 8
[21-Dec-2017 15:13:15 UTC] PHP Stack trace:
[21-Dec-2017 15:13:15 UTC] PHP   1. {main}() /home/ubuntu/workspace/websitesql.html/PHP/login.php:0
[21-Dec-2017 15:13:15 UTC] PHP   2. mysqli_connect() /home/ubuntu/workspace/websitesql.html/PHP/login.php:8
[21-Dec-2017 15:13:22 UTC] PHP Warning:  mysqli_connect(): (HY000/1049): Unknown database 'project' in /home/ubuntu/workspace/websitesql.html/PHP/login.php on line 8
[21-Dec-2017 15:13:22 UTC] PHP Stack trace:
[21-Dec-2017 15:13:22 UTC] PHP   1. {main}() /home/ubuntu/workspace/websitesql.html/PHP/login.php:0
[21-Dec-2017 15:13:22 UTC] PHP   2. mysqli_connect() /home/ubuntu/workspace/websitesql.html/PHP/login.php:8
[21-Dec-2017 15:16:44 UTC] PHP Warning:  mysqli_connect(): (HY000/1049): Unknown database 'project' in /home/ubuntu/workspace/websitesql.html/PHP/login.php on line 8
[21-Dec-2017 15:16:44 UTC] PHP Stack trace:
[21-Dec-2017 15:16:44 UTC] PHP   1. {main}() /home/ubuntu/workspace/websitesql.html/PHP/login.php:0
[21-Dec-2017 15:16:44 UTC] PHP   2. mysqli_connect() /home/ubuntu/workspace/websitesql.html/PHP/login.php:8
[21-Dec-2017 15:21:32 UTC] PHP Warning:  mysqli_connect(): (HY000/1049): Unknown database 'project' in /home/ubuntu/workspace/websitesql.html/PHP/login.php on line 8
[21-Dec-2017 15:21:32 UTC] PHP Stack trace:
[21-Dec-2017 15:21:32 UTC] PHP   1. {main}() /home/ubuntu/workspace/websitesql.html/PHP/login.php:0
[21-Dec-2017 15:21:32 UTC] PHP   2. mysqli_connect() /home/ubuntu/workspace/websitesql.html/PHP/login.php:8
[21-Dec-2017 15:23:52 UTC] PHP Warning:  mysqli_connect(): (HY000/1049): Unknown database 'jojojo' in /home/ubuntu/workspace/websitesql.html/PHP/login.php on line 8
[21-Dec-2017 15:23:52 UTC] PHP Stack trace:
[21-Dec-2017 15:23:52 UTC] PHP   1. {main}() /home/ubuntu/workspace/websitesql.html/PHP/login.php:0
[21-Dec-2017 15:23:52 UTC] PHP   2. mysqli_connect() /home/ubuntu/workspace/websitesql.html/PHP/login.php:8
[21-Dec-2017 15:27:47 UTC] PHP Warning:  mysqli_connect(): (HY000/1049): Unknown database 'jojojo' in /home/ubuntu/workspace/websitesql.html/PHP/login.php on line 8
[21-Dec-2017 15:27:47 UTC] PHP Stack trace:
[21-Dec-2017 15:27:47 UTC] PHP   1. {main}() /home/ubuntu/workspace/websitesql.html/PHP/login.php:0
[21-Dec-2017 15:27:47 UTC] PHP   2. mysqli_connect() /home/ubuntu/workspace/websitesql.html/PHP/login.php:8
[21-Dec-2017 15:28:20 UTC] PHP Warning:  mysqli_connect(): (HY000/1049): Unknown database 'jojojo' in /home/ubuntu/workspace/websitesql.html/PHP/login.php on line 8
[21-Dec-2017 15:28:20 UTC] PHP Stack trace:
[21-Dec-2017 15:28:20 UTC] PHP   1. {main}() /home/ubuntu/workspace/websitesql.html/PHP/login.php:0
[21-Dec-2017 15:28:20 UTC] PHP   2. mysqli_connect() /home/ubuntu/workspace/websitesql.html/PHP/login.php:8
[21-Dec-2017 15:33:37 UTC] PHP Warning:  mysqli_connect(): (HY000/1049): Unknown database 'jojojo' in /home/ubuntu/workspace/websitesql.html/PHP/login.php on line 8
[21-Dec-2017 15:33:37 UTC] PHP Stack trace:
[21-Dec-2017 15:33:37 UTC] PHP   1. {main}() /home/ubuntu/workspace/websitesql.html/PHP/login.php:0
[21-Dec-2017 15:33:37 UTC] PHP   2. mysqli_connect() /home/ubuntu/workspace/websitesql.html/PHP/login.php:8
[21-Dec-2017 15:33:50 UTC] PHP Warning:  mysqli_connect(): (HY000/1049): Unknown database 'jojojo' in /home/ubuntu/workspace/websitesql.html/PHP/login.php on line 8
[21-Dec-2017 15:33:50 UTC] PHP Stack trace:
[21-Dec-2017 15:33:50 UTC] PHP   1. {main}() /home/ubuntu/workspace/websitesql.html/PHP/login.php:0
[21-Dec-2017 15:33:50 UTC] PHP   2. mysqli_connect() /home/ubuntu/workspace/websitesql.html/PHP/login.php:8
[21-Dec-2017 15:34:06 UTC] PHP Warning:  mysqli_connect(): (HY000/1049): Unknown database 'jojojo' in /home/ubuntu/workspace/websitesql.html/PHP/login.php on line 8
[21-Dec-2017 15:34:06 UTC] PHP Stack trace:
[21-Dec-2017 15:34:06 UTC] PHP   1. {main}() /home/ubuntu/workspace/websitesql.html/PHP/login.php:0
[21-Dec-2017 15:34:06 UTC] PHP   2. mysqli_connect() /home/ubuntu/workspace/websitesql.html/PHP/login.php:8
[21-Dec-2017 15:35:00 UTC] PHP Warning:  mysqli_connect(): (HY000/1049): Unknown database 'jojojo' in /home/ubuntu/workspace/websitesql.html/PHP/login.php on line 8
[21-Dec-2017 15:35:00 UTC] PHP Stack trace:
[21-Dec-2017 15:35:00 UTC] PHP   1. {main}() /home/ubuntu/workspace/websitesql.html/PHP/login.php:0
[21-Dec-2017 15:35:00 UTC] PHP   2. mysqli_connect() /home/ubuntu/workspace/websitesql.html/PHP/login.php:8
[21-Dec-2017 15:35:03 UTC] PHP Warning:  mysqli_connect(): (HY000/1049): Unknown database 'jojojo' in /home/ubuntu/workspace/websitesql.html/PHP/login.php on line 8
[21-Dec-2017 15:35:03 UTC] PHP Stack trace:
[21-Dec-2017 15:35:03 UTC] PHP   1. {main}() /home/ubuntu/workspace/websitesql.html/PHP/login.php:0
[21-Dec-2017 15:35:03 UTC] PHP   2. mysqli_connect() /home/ubuntu/workspace/websitesql.html/PHP/login.php:8
[21-Dec-2017 15:36:55 UTC] PHP Warning:  mysqli_connect(): (HY000/1049): Unknown database 'jojojo' in /home/ubuntu/workspace/websitesql.html/PHP/login.php on line 8
[21-Dec-2017 15:36:55 UTC] PHP Stack trace:
[21-Dec-2017 15:36:55 UTC] PHP   1. {main}() /home/ubuntu/workspace/websitesql.html/PHP/login.php:0
[21-Dec-2017 15:36:55 UTC] PHP   2. mysqli_connect() /home/ubuntu/workspace/websitesql.html/PHP/login.php:8
[27-Dec-2017 19:00:38 UTC] PHP Warning:  mysqli_connect(): (HY000/1049): Unknown database 'jojojo' in /home/ubuntu/workspace/websitesql.html/PHP/login.php on line 8
[27-Dec-2017 19:00:38 UTC] PHP Stack trace:
[27-Dec-2017 19:00:38 UTC] PHP   1. {main}() /home/ubuntu/workspace/websitesql.html/PHP/login.php:0
[27-Dec-2017 19:00:38 UTC] PHP   2. mysqli_connect() /home/ubuntu/workspace/websitesql.html/PHP/login.php:8
[27-Dec-2017 19:01:15 UTC] PHP Warning:  mysqli_connect(): (HY000/1049): Unknown database 'demo' in /home/ubuntu/workspace/websitesql.html/PHP/config.php on line 10
[27-Dec-2017 19:01:15 UTC] PHP Stack trace:
[27-Dec-2017 19:01:15 UTC] PHP   1. {main}() /home/ubuntu/workspace/websitesql.html/PHP/config.php:0
[27-Dec-2017 19:01:15 UTC] PHP   2. mysqli_connect() /home/ubuntu/workspace/websitesql.html/PHP/config.php:10
[28-Dec-2017 13:20:42 UTC] PHP Warning:  mysqli_connect(): (HY000/1049): Unknown database 'jojojo' in /home/ubuntu/workspace/websitesql.html/PHP/login.php on line 8
[28-Dec-2017 13:20:42 UTC] PHP Stack trace:
[28-Dec-2017 13:20:42 UTC] PHP   1. {main}() /home/ubuntu/workspace/websitesql.html/PHP/login.php:0
[28-Dec-2017 13:20:42 UTC] PHP   2. mysqli_connect() /home/ubuntu/workspace/websitesql.html/PHP/login.php:8
[05-Jan-2018 22:02:08 UTC] PHP Warning:  mysqli_connect(): (HY000/1049): Unknown database 'jojojo' in /home/ubuntu/workspace/websitesql.html/PHP/login.php on line 8
[05-Jan-2018 22:02:08 UTC] PHP Stack trace:
[05-Jan-2018 22:02:08 UTC] PHP   1. {main}() /home/ubuntu/workspace/websitesql.html/PHP/login.php:0
[05-Jan-2018 22:02:08 UTC] PHP   2. mysqli_connect() /home/ubuntu/workspace/websitesql.html/PHP/login.php:8
[06-Jan-2018 15:26:45 UTC] PHP Warning:  mysqli_connect(): (HY000/1049): Unknown database 'jojojo' in /home/ubuntu/workspace/websitesql.html/PHP/login.php on line 8
[06-Jan-2018 15:26:45 UTC] PHP Stack trace:
[06-Jan-2018 15:26:45 UTC] PHP   1. {main}() /home/ubuntu/workspace/websitesql.html/PHP/login.php:0
[06-Jan-2018 15:26:45 UTC] PHP   2. mysqli_connect() /home/ubuntu/workspace/websitesql.html/PHP/login.php:8
